2025-05-15 08:48:56 INFO  TC001_AccountRegistrationTest:15 - ***** Starting TC001_AccountRegistrationTest  ****
2025-05-15 08:48:57 INFO  TC001_AccountRegistrationTest:21 - Clicked on MyAccount Link.. 
2025-05-15 08:48:58 INFO  TC001_AccountRegistrationTest:24 - Clicked on Register Link.. 
2025-05-15 08:48:58 INFO  TC001_AccountRegistrationTest:28 - Providing customer details...
2025-05-15 08:49:00 INFO  TC001_AccountRegistrationTest:42 - Validating expected message..
2025-05-15 08:49:00 INFO  TC001_AccountRegistrationTest:47 - Test passed
2025-05-15 08:49:00 INFO  TC001_AccountRegistrationTest:56 - ***** Finished TC001_AccountRegistrationTest *****
2025-05-15 08:49:03 INFO  TC002_LoginTest:16 - ****** Startign TC_002_LoginTest *****
2025-05-15 08:49:04 INFO  TC002_LoginTest:41 - ****** Finished TC_002_LoginTest *****
2025-05-15 09:29:57 INFO  Utils:112 - [TestNG] Running:
  C:\Users\ACER\git\OpencartV121\grid-docker.xml

2025-05-15 10:56:53 INFO  TC001_AccountRegistrationTest:15 - ***** Starting TC001_AccountRegistrationTest  ****
2025-05-15 10:56:54 INFO  TC001_AccountRegistrationTest:21 - Clicked on MyAccount Link.. 
2025-05-15 10:56:55 INFO  TC001_AccountRegistrationTest:24 - Clicked on Register Link.. 
2025-05-15 10:56:55 INFO  TC001_AccountRegistrationTest:28 - Providing customer details...
2025-05-15 10:56:57 INFO  TC001_AccountRegistrationTest:42 - Validating expected message..
2025-05-15 10:56:57 INFO  TC001_AccountRegistrationTest:47 - Test passed
2025-05-15 10:56:57 INFO  TC001_AccountRegistrationTest:56 - ***** Finished TC001_AccountRegistrationTest *****
2025-05-15 10:57:01 INFO  TC002_LoginTest:16 - ****** Startign TC_002_LoginTest *****
2025-05-15 10:57:02 INFO  TC002_LoginTest:41 - ****** Finished TC_002_LoginTest *****
2025-05-15 11:16:20 INFO  TC001_AccountRegistrationTest:15 - ***** Starting TC001_AccountRegistrationTest  ****
2025-05-15 11:16:20 INFO  TC001_AccountRegistrationTest:21 - Clicked on MyAccount Link.. 
2025-05-15 11:16:21 INFO  TC001_AccountRegistrationTest:24 - Clicked on Register Link.. 
2025-05-15 11:16:21 INFO  TC001_AccountRegistrationTest:28 - Providing customer details...
2025-05-15 11:16:23 INFO  TC001_AccountRegistrationTest:42 - Validating expected message..
2025-05-15 11:16:23 INFO  TC001_AccountRegistrationTest:47 - Test passed
2025-05-15 11:16:23 INFO  TC001_AccountRegistrationTest:56 - ***** Finished TC001_AccountRegistrationTest *****
2025-05-15 11:16:27 INFO  TC002_LoginTest:16 - ****** Startign TC_002_LoginTest *****
2025-05-15 11:16:29 INFO  TC002_LoginTest:41 - ****** Finished TC_002_LoginTest *****
2025-05-15 11:17:32 INFO  TC001_AccountRegistrationTest:15 - ***** Starting TC001_AccountRegistrationTest  ****
2025-05-15 11:17:32 INFO  TC001_AccountRegistrationTest:21 - Clicked on MyAccount Link.. 
2025-05-15 11:17:33 INFO  TC001_AccountRegistrationTest:24 - Clicked on Register Link.. 
2025-05-15 11:17:33 INFO  TC001_AccountRegistrationTest:28 - Providing customer details...
2025-05-15 11:17:35 INFO  TC001_AccountRegistrationTest:42 - Validating expected message..
2025-05-15 11:17:35 INFO  TC001_AccountRegistrationTest:47 - Test passed
2025-05-15 11:17:35 INFO  TC001_AccountRegistrationTest:56 - ***** Finished TC001_AccountRegistrationTest *****
2025-05-15 11:17:38 INFO  TC002_LoginTest:16 - ****** Startign TC_002_LoginTest *****
2025-05-15 11:17:40 INFO  TC002_LoginTest:41 - ****** Finished TC_002_LoginTest *****
2025-05-15 11:19:38 INFO  TC001_AccountRegistrationTest:15 - ***** Starting TC001_AccountRegistrationTest  ****
2025-05-15 11:19:38 INFO  TC001_AccountRegistrationTest:21 - Clicked on MyAccount Link.. 
2025-05-15 11:19:39 INFO  TC001_AccountRegistrationTest:24 - Clicked on Register Link.. 
2025-05-15 11:19:39 INFO  TC001_AccountRegistrationTest:28 - Providing customer details...
2025-05-15 11:19:41 INFO  TC001_AccountRegistrationTest:42 - Validating expected message..
2025-05-15 11:19:41 INFO  TC001_AccountRegistrationTest:47 - Test passed
2025-05-15 11:19:41 INFO  TC001_AccountRegistrationTest:56 - ***** Finished TC001_AccountRegistrationTest *****
2025-05-15 11:19:45 INFO  TC002_LoginTest:16 - ****** Startign TC_002_LoginTest *****
2025-05-15 11:19:47 INFO  TC002_LoginTest:41 - ****** Finished TC_002_LoginTest *****
2025-05-15 11:28:53 INFO  TC001_AccountRegistrationTest:15 - ***** Starting TC001_AccountRegistrationTest  ****
2025-05-15 11:28:53 INFO  TC001_AccountRegistrationTest:21 - Clicked on MyAccount Link.. 
2025-05-15 11:28:54 INFO  TC001_AccountRegistrationTest:24 - Clicked on Register Link.. 
2025-05-15 11:28:54 INFO  TC001_AccountRegistrationTest:28 - Providing customer details...
2025-05-15 11:28:55 INFO  TC001_AccountRegistrationTest:42 - Validating expected message..
2025-05-15 11:28:55 INFO  TC001_AccountRegistrationTest:47 - Test passed
2025-05-15 11:28:55 INFO  TC001_AccountRegistrationTest:56 - ***** Finished TC001_AccountRegistrationTest *****
2025-05-15 11:28:58 INFO  TC002_LoginTest:16 - ****** Startign TC_002_LoginTest *****
2025-05-15 11:29:00 INFO  TC002_LoginTest:41 - ****** Finished TC_002_LoginTest *****
2025-05-15 11:29:47 INFO  TC001_AccountRegistrationTest:15 - ***** Starting TC001_AccountRegistrationTest  ****
2025-05-15 11:29:48 INFO  TC001_AccountRegistrationTest:21 - Clicked on MyAccount Link.. 
2025-05-15 11:29:48 INFO  TC001_AccountRegistrationTest:24 - Clicked on Register Link.. 
2025-05-15 11:29:48 INFO  TC001_AccountRegistrationTest:28 - Providing customer details...
2025-05-15 11:29:50 INFO  TC001_AccountRegistrationTest:42 - Validating expected message..
2025-05-15 11:29:50 INFO  TC001_AccountRegistrationTest:47 - Test passed
2025-05-15 11:29:50 INFO  TC001_AccountRegistrationTest:56 - ***** Finished TC001_AccountRegistrationTest *****
2025-05-15 11:29:54 INFO  TC002_LoginTest:16 - ****** Startign TC_002_LoginTest *****
2025-05-15 11:29:56 INFO  TC002_LoginTest:41 - ****** Finished TC_002_LoginTest *****
